{"/Volumes/Glacier/Liberty/Projects/djanta.io/infinite/djantajs-compose/lib/platform.js":{"path":"/Volumes/Glacier/Liberty/Projects/djanta.io/infinite/djantajs-compose/lib/platform.js","s":{"1":1,"2":1,"3":1,"4":6,"5":0,"6":3,"7":3,"8":3,"9":0,"10":0,"11":0,"12":0},"b":{"1":[3,3,3]},"f":{"1":1,"2":6,"3":0,"4":3,"5":3,"6":0,"7":0,"8":0,"9":0},"fnMap":{"1":{"name":"(anonymous_1)","line":13,"loc":{"start":{"line":13,"column":14},"end":{"line":13,"column":31}}},"2":{"name":"(anonymous_2)","line":21,"loc":{"start":{"line":21,"column":17},"end":{"line":21,"column":20}}},"3":{"name":"(anonymous_3)","line":27,"loc":{"start":{"line":27,"column":10},"end":{"line":27,"column":13}}},"4":{"name":"(anonymous_4)","line":33,"loc":{"start":{"line":33,"column":11},"end":{"line":33,"column":14}}},"5":{"name":"(anonymous_5)","line":42,"loc":{"start":{"line":42,"column":14},"end":{"line":42,"column":17}}},"6":{"name":"(anonymous_6)","line":50,"loc":{"start":{"line":50,"column":11},"end":{"line":50,"column":14}}},"7":{"name":"(anonymous_7)","line":58,"loc":{"start":{"line":58,"column":13},"end":{"line":58,"column":22}}},"8":{"name":"(anonymous_8)","line":64,"loc":{"start":{"line":64,"column":13},"end":{"line":64,"column":23}}},"9":{"name":"(anonymous_9)","line":70,"loc":{"start":{"line":70,"column":10},"end":{"line":70,"column":13}}}},"statementMap":{"1":{"start":{"line":3,"column":0},"end":{"line":3,"column":26}},"2":{"start":{"line":5,"column":0},"end":{"line":71,"column":2}},"3":{"start":{"line":14,"column":4},"end":{"line":14,"column":32}},"4":{"start":{"line":21,"column":22},"end":{"line":21,"column":45}},"5":{"start":{"line":27,"column":15},"end":{"line":27,"column":51}},"6":{"start":{"line":34,"column":4},"end":{"line":34,"column":38}},"7":{"start":{"line":35,"column":4},"end":{"line":35,"column":55}},"8":{"start":{"line":43,"column":4},"end":{"line":43,"column":64}},"9":{"start":{"line":50,"column":16},"end":{"line":50,"column":52}},"10":{"start":{"line":58,"column":24},"end":{"line":58,"column":60}},"11":{"start":{"line":64,"column":25},"end":{"line":64,"column":61}},"12":{"start":{"line":70,"column":15},"end":{"line":70,"column":51}}},"branchMap":{"1":{"line":35,"type":"binary-expr","locations":[{"start":{"line":35,"column":11},"end":{"line":35,"column":31}},{"start":{"line":35,"column":37},"end":{"line":35,"column":40}},{"start":{"line":35,"column":44},"end":{"line":35,"column":53}}]}}},"/Volumes/Glacier/Liberty/Projects/djanta.io/infinite/djantajs-compose/index.js":{"path":"/Volumes/Glacier/Liberty/Projects/djanta.io/infinite/djantajs-compose/index.js","s":{"1":1,"2":1,"3":1,"4":1,"5":1,"6":1,"7":0,"8":1,"9":1},"b":{},"f":{},"fnMap":{},"statementMap":{"1":{"start":{"line":3,"column":0},"end":{"line":3,"column":39}},"2":{"start":{"line":4,"column":0},"end":{"line":4,"column":47}},"3":{"start":{"line":5,"column":0},"end":{"line":5,"column":39}},"4":{"start":{"line":6,"column":0},"end":{"line":6,"column":52}},"5":{"start":{"line":7,"column":0},"end":{"line":7,"column":43}},"6":{"start":{"line":9,"column":0},"end":{"line":14,"column":2}},"7":{"start":{"line":11,"column":63},"end":{"line":11,"column":95}},"8":{"start":{"line":12,"column":68},"end":{"line":12,"column":117}},"9":{"start":{"line":16,"column":0},"end":{"line":21,"column":2}}},"branchMap":{}},"/Volumes/Glacier/Liberty/Projects/djanta.io/infinite/djantajs-compose/lib/project.js":{"path":"/Volumes/Glacier/Liberty/Projects/djanta.io/infinite/djantajs-compose/lib/project.js","s":{"1":1,"2":1,"3":1,"4":1,"5":1,"6":1,"7":1,"8":2,"9":2,"10":2,"11":2,"12":2,"13":3,"14":8,"15":14,"16":6,"17":19,"18":4,"19":84,"20":116,"21":3,"22":2,"23":3,"24":24,"25":9,"26":27,"27":1,"28":1,"29":4,"30":4,"31":4,"32":0,"33":5,"34":0,"35":4,"36":24,"37":0,"38":0,"39":0,"40":0,"41":0,"42":0,"43":0},"b":{"1":[2,1],"2":[2,0],"3":[8,0],"4":[0,14],"5":[116,0],"6":[9,0],"7":[27,27],"8":[4,0],"9":[0,4],"10":[0,4],"11":[4,0],"12":[5,1],"13":[24,0],"14":[0,0]},"f":{"1":2,"2":8,"3":19,"4":4,"5":84,"6":116,"7":3,"8":2,"9":3,"10":24,"11":9,"12":1,"13":4,"14":4,"15":24,"16":0,"17":0,"18":0,"19":0},"fnMap":{"1":{"name":"(anonymous_1)","line":51,"loc":{"start":{"line":51,"column":14},"end":{"line":51,"column":48}}},"2":{"name":"(anonymous_2)","line":67,"loc":{"start":{"line":67,"column":8},"end":{"line":67,"column":27}}},"3":{"name":"(anonymous_3)","line":76,"loc":{"start":{"line":76,"column":14},"end":{"line":76,"column":17}}},"4":{"name":"(anonymous_4)","line":82,"loc":{"start":{"line":82,"column":15},"end":{"line":82,"column":18}}},"5":{"name":"(anonymous_5)","line":88,"loc":{"start":{"line":88,"column":11},"end":{"line":88,"column":14}}},"6":{"name":"(anonymous_6)","line":94,"loc":{"start":{"line":94,"column":17},"end":{"line":94,"column":20}}},"7":{"name":"(anonymous_7)","line":100,"loc":{"start":{"line":100,"column":18},"end":{"line":100,"column":21}}},"8":{"name":"(anonymous_8)","line":106,"loc":{"start":{"line":106,"column":20},"end":{"line":106,"column":23}}},"9":{"name":"(anonymous_9)","line":112,"loc":{"start":{"line":112,"column":14},"end":{"line":112,"column":17}}},"10":{"name":"(anonymous_10)","line":118,"loc":{"start":{"line":118,"column":15},"end":{"line":118,"column":18}}},"11":{"name":"(anonymous_11)","line":124,"loc":{"start":{"line":124,"column":14},"end":{"line":124,"column":17}}},"12":{"name":"(anonymous_12)","line":132,"loc":{"start":{"line":132,"column":14},"end":{"line":132,"column":17}}},"13":{"name":"(anonymous_13)","line":138,"loc":{"start":{"line":138,"column":13},"end":{"line":138,"column":16}}},"14":{"name":"(anonymous_14)","line":148,"loc":{"start":{"line":148,"column":9},"end":{"line":148,"column":35}}},"15":{"name":"(anonymous_15)","line":160,"loc":{"start":{"line":160,"column":10},"end":{"line":160,"column":13}}},"16":{"name":"(anonymous_16)","line":167,"loc":{"start":{"line":167,"column":13},"end":{"line":167,"column":16}}},"17":{"name":"(anonymous_17)","line":177,"loc":{"start":{"line":177,"column":20},"end":{"line":177,"column":23}}},"18":{"name":"(anonymous_18)","line":185,"loc":{"start":{"line":185,"column":9},"end":{"line":185,"column":12}}},"19":{"name":"(anonymous_19)","line":194,"loc":{"start":{"line":194,"column":11},"end":{"line":194,"column":14}}}},"statementMap":{"1":{"start":{"line":3,"column":0},"end":{"line":3,"column":26}},"2":{"start":{"line":4,"column":0},"end":{"line":4,"column":34}},"3":{"start":{"line":5,"column":0},"end":{"line":5,"column":33}},"4":{"start":{"line":6,"column":0},"end":{"line":6,"column":44}},"5":{"start":{"line":7,"column":0},"end":{"line":7,"column":31}},"6":{"start":{"line":9,"column":0},"end":{"line":9,"column":27}},"7":{"start":{"line":42,"column":0},"end":{"line":195,"column":2}},"8":{"start":{"line":54,"column":4},"end":{"line":54,"column":70}},"9":{"start":{"line":55,"column":4},"end":{"line":55,"column":42}},"10":{"start":{"line":56,"column":4},"end":{"line":56,"column":77}},"11":{"start":{"line":58,"column":4},"end":{"line":58,"column":57}},"12":{"start":{"line":59,"column":4},"end":{"line":59,"column":113}},"13":{"start":{"line":59,"column":37},"end":{"line":59,"column":111}},"14":{"start":{"line":68,"column":4},"end":{"line":69,"column":91}},"15":{"start":{"line":68,"column":45},"end":{"line":68,"column":86}},"16":{"start":{"line":69,"column":22},"end":{"line":69,"column":89}},"17":{"start":{"line":76,"column":19},"end":{"line":76,"column":47}},"18":{"start":{"line":82,"column":20},"end":{"line":82,"column":49}},"19":{"start":{"line":88,"column":16},"end":{"line":88,"column":44}},"20":{"start":{"line":94,"column":22},"end":{"line":94,"column":68}},"21":{"start":{"line":100,"column":23},"end":{"line":100,"column":71}},"22":{"start":{"line":106,"column":25},"end":{"line":106,"column":83}},"23":{"start":{"line":112,"column":19},"end":{"line":112,"column":71}},"24":{"start":{"line":118,"column":20},"end":{"line":118,"column":62}},"25":{"start":{"line":125,"column":4},"end":{"line":125,"column":102}},"26":{"start":{"line":125,"column":41},"end":{"line":125,"column":94}},"27":{"start":{"line":132,"column":19},"end":{"line":132,"column":96}},"28":{"start":{"line":132,"column":57},"end":{"line":132,"column":94}},"29":{"start":{"line":139,"column":4},"end":{"line":139,"column":43}},"30":{"start":{"line":140,"column":4},"end":{"line":140,"column":60}},"31":{"start":{"line":149,"column":4},"end":{"line":150,"column":90}},"32":{"start":{"line":149,"column":113},"end":{"line":149,"column":117}},"33":{"start":{"line":150,"column":34},"end":{"line":150,"column":75}},"34":{"start":{"line":150,"column":84},"end":{"line":150,"column":89}},"35":{"start":{"line":152,"column":4},"end":{"line":152,"column":38}},"36":{"start":{"line":160,"column":15},"end":{"line":160,"column":75}},"37":{"start":{"line":168,"column":4},"end":{"line":168,"column":24}},"38":{"start":{"line":169,"column":4},"end":{"line":169,"column":20}},"39":{"start":{"line":178,"column":4},"end":{"line":178,"column":16}},"40":{"start":{"line":186,"column":4},"end":{"line":186,"column":20}},"41":{"start":{"line":187,"column":4},"end":{"line":188,"column":23}},"42":{"start":{"line":188,"column":11},"end":{"line":188,"column":21}},"43":{"start":{"line":194,"column":16},"end":{"line":194,"column":62}}},"branchMap":{"1":{"line":56,"type":"binary-expr","locations":[{"start":{"line":56,"column":46},"end":{"line":56,"column":68}},{"start":{"line":56,"column":72},"end":{"line":56,"column":74}}]},"2":{"line":58,"type":"binary-expr","locations":[{"start":{"line":58,"column":32},"end":{"line":58,"column":50}},{"start":{"line":58,"column":54},"end":{"line":58,"column":56}}]},"3":{"line":68,"type":"binary-expr","locations":[{"start":{"line":68,"column":20},"end":{"line":68,"column":32}},{"start":{"line":68,"column":36},"end":{"line":68,"column":38}}]},"4":{"line":68,"type":"cond-expr","locations":[{"start":{"line":68,"column":65},"end":{"line":68,"column":79}},{"start":{"line":68,"column":82},"end":{"line":68,"column":86}}]},"5":{"line":94,"type":"binary-expr","locations":[{"start":{"line":94,"column":44},"end":{"line":94,"column":60}},{"start":{"line":94,"column":64},"end":{"line":94,"column":66}}]},"6":{"line":125,"type":"binary-expr","locations":[{"start":{"line":125,"column":11},"end":{"line":125,"column":95}},{"start":{"line":125,"column":99},"end":{"line":125,"column":101}}]},"7":{"line":125,"type":"binary-expr","locations":[{"start":{"line":125,"column":41},"end":{"line":125,"column":57}},{"start":{"line":125,"column":61},"end":{"line":125,"column":94}}]},"8":{"line":140,"type":"cond-expr","locations":[{"start":{"line":140,"column":33},"end":{"line":140,"column":42}},{"start":{"line":140,"column":45},"end":{"line":140,"column":59}}]},"9":{"line":149,"type":"cond-expr","locations":[{"start":{"line":149,"column":80},"end":{"line":149,"column":86}},{"start":{"line":149,"column":89},"end":{"line":150,"column":89}}]},"10":{"line":149,"type":"cond-expr","locations":[{"start":{"line":149,"column":107},"end":{"line":149,"column":117}},{"start":{"line":150,"column":8},"end":{"line":150,"column":89}}]},"11":{"line":150,"type":"cond-expr","locations":[{"start":{"line":150,"column":29},"end":{"line":150,"column":75}},{"start":{"line":150,"column":78},"end":{"line":150,"column":89}}]},"12":{"line":150,"type":"binary-expr","locations":[{"start":{"line":150,"column":34},"end":{"line":150,"column":54}},{"start":{"line":150,"column":58},"end":{"line":150,"column":75}}]},"13":{"line":160,"type":"binary-expr","locations":[{"start":{"line":160,"column":22},"end":{"line":160,"column":44}},{"start":{"line":160,"column":48},"end":{"line":160,"column":74}}]},"14":{"line":187,"type":"if","locations":[{"start":{"line":187,"column":4},"end":{"line":187,"column":4}},{"start":{"line":187,"column":4},"end":{"line":187,"column":4}}]}}},"/Volumes/Glacier/Liberty/Projects/djanta.io/infinite/djantajs-compose/lib/mp.js":{"path":"/Volumes/Glacier/Liberty/Projects/djanta.io/infinite/djantajs-compose/lib/mp.js","s":{"1":1},"b":{},"f":{"1":2},"fnMap":{"1":{"name":"(anonymous_1)","line":8,"loc":{"start":{"line":8,"column":14},"end":{"line":8,"column":32}}}},"statementMap":{"1":{"start":{"line":3,"column":0},"end":{"line":11,"column":2}}},"branchMap":{}},"/Volumes/Glacier/Liberty/Projects/djanta.io/infinite/djantajs-compose/lib/bundle.js":{"path":"/Volumes/Glacier/Liberty/Projects/djanta.io/infinite/djantajs-compose/lib/bundle.js","s":{"1":1,"2":1,"3":1,"4":1,"5":1,"6":3,"7":3,"8":74,"9":47,"10":15,"11":15,"12":35,"13":2,"14":2,"15":2,"16":3,"17":44,"18":3,"19":3,"20":3,"21":0,"22":0,"23":0,"24":3,"25":3,"26":3,"27":3,"28":3,"29":0,"30":0,"31":0,"32":3,"33":0,"34":3,"35":2,"36":1,"37":0,"38":3,"39":3,"40":3,"41":2,"42":1,"43":1,"44":1,"45":1,"46":1,"47":1,"48":0,"49":0,"50":0,"51":0,"52":0,"53":1,"54":2,"55":1,"56":1,"57":1,"58":0,"59":3,"60":0,"61":0},"b":{"1":[47,0],"2":[15,0],"3":[3,0],"4":[0,0],"5":[3,3],"6":[3,3],"7":[0,0],"8":[0,0],"9":[0,3],"10":[3,0],"11":[2,1],"12":[3,3,3],"13":[2,1],"14":[0,1],"15":[1,1],"16":[2,1],"17":[3,3],"18":[1,0],"19":[0,1],"20":[0,0],"21":[1,0],"22":[1,0],"23":[0,0]},"f":{"1":3,"2":74,"3":47,"4":15,"5":35,"6":2,"7":3,"8":44,"9":3,"10":0,"11":0,"12":3,"13":3,"14":3,"15":0},"fnMap":{"1":{"name":"(anonymous_1)","line":16,"loc":{"start":{"line":16,"column":14},"end":{"line":16,"column":41}}},"2":{"name":"(anonymous_2)","line":25,"loc":{"start":{"line":25,"column":14},"end":{"line":25,"column":17}}},"3":{"name":"(anonymous_3)","line":31,"loc":{"start":{"line":31,"column":17},"end":{"line":31,"column":20}}},"4":{"name":"(anonymous_4)","line":37,"loc":{"start":{"line":37,"column":11},"end":{"line":37,"column":14}}},"5":{"name":"(anonymous_5)","line":46,"loc":{"start":{"line":46,"column":14},"end":{"line":46,"column":17}}},"6":{"name":"(anonymous_6)","line":52,"loc":{"start":{"line":52,"column":20},"end":{"line":52,"column":23}}},"7":{"name":"(anonymous_7)","line":62,"loc":{"start":{"line":62,"column":18},"end":{"line":62,"column":21}}},"8":{"name":"(anonymous_8)","line":72,"loc":{"start":{"line":72,"column":6},"end":{"line":72,"column":48}}},"9":{"name":"(anonymous_9)","line":79,"loc":{"start":{"line":79,"column":25},"end":{"line":79,"column":28}}},"10":{"name":"(anonymous_10)","line":90,"loc":{"start":{"line":90,"column":15},"end":{"line":90,"column":18}}},"11":{"name":"(anonymous_11)","line":96,"loc":{"start":{"line":96,"column":14},"end":{"line":96,"column":17}}},"12":{"name":"(anonymous_12)","line":106,"loc":{"start":{"line":106,"column":13},"end":{"line":106,"column":16}}},"13":{"name":"(anonymous_13)","line":119,"loc":{"start":{"line":119,"column":9},"end":{"line":119,"column":53}}},"14":{"name":"(anonymous_14)","line":137,"loc":{"start":{"line":137,"column":10},"end":{"line":137,"column":26}}},"15":{"name":"(anonymous_15)","line":167,"loc":{"start":{"line":167,"column":9},"end":{"line":167,"column":12}}}},"statementMap":{"1":{"start":{"line":3,"column":0},"end":{"line":3,"column":31}},"2":{"start":{"line":4,"column":0},"end":{"line":4,"column":26}},"3":{"start":{"line":5,"column":0},"end":{"line":5,"column":57}},"4":{"start":{"line":6,"column":0},"end":{"line":6,"column":27}},"5":{"start":{"line":11,"column":0},"end":{"line":182,"column":2}},"6":{"start":{"line":17,"column":4},"end":{"line":17,"column":34}},"7":{"start":{"line":18,"column":4},"end":{"line":18,"column":28}},"8":{"start":{"line":25,"column":19},"end":{"line":25,"column":40}},"9":{"start":{"line":31,"column":22},"end":{"line":31,"column":68}},"10":{"start":{"line":38,"column":4},"end":{"line":38,"column":69}},"11":{"start":{"line":39,"column":4},"end":{"line":39,"column":66}},"12":{"start":{"line":46,"column":19},"end":{"line":46,"column":46}},"13":{"start":{"line":53,"column":4},"end":{"line":53,"column":33}},"14":{"start":{"line":54,"column":4},"end":{"line":54,"column":103}},"15":{"start":{"line":55,"column":4},"end":{"line":55,"column":34}},"16":{"start":{"line":63,"column":4},"end":{"line":63,"column":88}},"17":{"start":{"line":72,"column":50},"end":{"line":72,"column":102}},"18":{"start":{"line":80,"column":4},"end":{"line":80,"column":98}},"19":{"start":{"line":82,"column":4},"end":{"line":82,"column":57}},"20":{"start":{"line":83,"column":4},"end":{"line":83,"column":57}},"21":{"start":{"line":90,"column":20},"end":{"line":90,"column":109}},"22":{"start":{"line":97,"column":4},"end":{"line":97,"column":51}},"23":{"start":{"line":98,"column":4},"end":{"line":98,"column":81}},"24":{"start":{"line":107,"column":4},"end":{"line":108,"column":36}},"25":{"start":{"line":120,"column":4},"end":{"line":122,"column":88}},"26":{"start":{"line":120,"column":25},"end":{"line":120,"column":100}},"27":{"start":{"line":120,"column":58},"end":{"line":120,"column":99}},"28":{"start":{"line":121,"column":25},"end":{"line":121,"column":102}},"29":{"start":{"line":121,"column":60},"end":{"line":121,"column":101}},"30":{"start":{"line":122,"column":24},"end":{"line":122,"column":87}},"31":{"start":{"line":122,"column":45},"end":{"line":122,"column":86}},"32":{"start":{"line":124,"column":4},"end":{"line":124,"column":100}},"33":{"start":{"line":124,"column":48},"end":{"line":124,"column":98}},"34":{"start":{"line":126,"column":4},"end":{"line":129,"column":117}},"35":{"start":{"line":127,"column":6},"end":{"line":127,"column":69}},"36":{"start":{"line":129,"column":9},"end":{"line":129,"column":117}},"37":{"start":{"line":129,"column":48},"end":{"line":129,"column":115}},"38":{"start":{"line":130,"column":4},"end":{"line":130,"column":20}},"39":{"start":{"line":138,"column":4},"end":{"line":138,"column":104}},"40":{"start":{"line":140,"column":4},"end":{"line":163,"column":5}},"41":{"start":{"line":142,"column":6},"end":{"line":142,"column":51}},"42":{"start":{"line":144,"column":9},"end":{"line":163,"column":5}},"43":{"start":{"line":146,"column":6},"end":{"line":146,"column":51}},"44":{"start":{"line":147,"column":6},"end":{"line":159,"column":9}},"45":{"start":{"line":147,"column":45},"end":{"line":147,"column":67}},"46":{"start":{"line":148,"column":8},"end":{"line":148,"column":51}},"47":{"start":{"line":149,"column":8},"end":{"line":156,"column":9}},"48":{"start":{"line":150,"column":10},"end":{"line":150,"column":44}},"49":{"start":{"line":150,"column":45},"end":{"line":150,"column":61}},"50":{"start":{"line":150,"column":62},"end":{"line":150,"column":81}},"51":{"start":{"line":151,"column":10},"end":{"line":151,"column":108}},"52":{"start":{"line":151,"column":54},"end":{"line":151,"column":106}},"53":{"start":{"line":154,"column":10},"end":{"line":154,"column":94}},"54":{"start":{"line":154,"column":65},"end":{"line":154,"column":92}},"55":{"start":{"line":155,"column":10},"end":{"line":155,"column":65}},"56":{"start":{"line":158,"column":8},"end":{"line":158,"column":97}},"57":{"start":{"line":158,"column":59},"end":{"line":158,"column":95}},"58":{"start":{"line":162,"column":6},"end":{"line":162,"column":71}},"59":{"start":{"line":164,"column":4},"end":{"line":164,"column":20}},"60":{"start":{"line":168,"column":4},"end":{"line":168,"column":20}},"61":{"start":{"line":169,"column":4},"end":{"line":180,"column":6}}},"branchMap":{"1":{"line":31,"type":"binary-expr","locations":[{"start":{"line":31,"column":44},"end":{"line":31,"column":60}},{"start":{"line":31,"column":64},"end":{"line":31,"column":66}}]},"2":{"line":38,"type":"cond-expr","locations":[{"start":{"line":38,"column":59},"end":{"line":38,"column":62}},{"start":{"line":38,"column":65},"end":{"line":38,"column":68}}]},"3":{"line":82,"type":"cond-expr","locations":[{"start":{"line":82,"column":41},"end":{"line":82,"column":46}},{"start":{"line":82,"column":49},"end":{"line":82,"column":56}}]},"4":{"line":98,"type":"binary-expr","locations":[{"start":{"line":98,"column":11},"end":{"line":98,"column":31}},{"start":{"line":98,"column":35},"end":{"line":98,"column":80}}]},"5":{"line":107,"type":"binary-expr","locations":[{"start":{"line":107,"column":11},"end":{"line":107,"column":72}},{"start":{"line":108,"column":6},"end":{"line":108,"column":35}}]},"6":{"line":120,"type":"binary-expr","locations":[{"start":{"line":120,"column":58},"end":{"line":120,"column":71}},{"start":{"line":120,"column":75},"end":{"line":120,"column":99}}]},"7":{"line":121,"type":"binary-expr","locations":[{"start":{"line":121,"column":60},"end":{"line":121,"column":73}},{"start":{"line":121,"column":77},"end":{"line":121,"column":101}}]},"8":{"line":122,"type":"binary-expr","locations":[{"start":{"line":122,"column":45},"end":{"line":122,"column":58}},{"start":{"line":122,"column":62},"end":{"line":122,"column":86}}]},"9":{"line":124,"type":"if","locations":[{"start":{"line":124,"column":4},"end":{"line":124,"column":4}},{"start":{"line":124,"column":4},"end":{"line":124,"column":4}}]},"10":{"line":124,"type":"binary-expr","locations":[{"start":{"line":124,"column":8},"end":{"line":124,"column":30}},{"start":{"line":124,"column":34},"end":{"line":124,"column":44}}]},"11":{"line":126,"type":"if","locations":[{"start":{"line":126,"column":4},"end":{"line":126,"column":4}},{"start":{"line":126,"column":4},"end":{"line":126,"column":4}}]},"12":{"line":126,"type":"binary-expr","locations":[{"start":{"line":126,"column":8},"end":{"line":126,"column":24}},{"start":{"line":126,"column":28},"end":{"line":126,"column":38}},{"start":{"line":126,"column":42},"end":{"line":126,"column":61}}]},"13":{"line":127,"type":"binary-expr","locations":[{"start":{"line":127,"column":27},"end":{"line":127,"column":44}},{"start":{"line":127,"column":48},"end":{"line":127,"column":50}}]},"14":{"line":129,"type":"if","locations":[{"start":{"line":129,"column":9},"end":{"line":129,"column":9}},{"start":{"line":129,"column":9},"end":{"line":129,"column":9}}]},"15":{"line":129,"type":"binary-expr","locations":[{"start":{"line":129,"column":13},"end":{"line":129,"column":29}},{"start":{"line":129,"column":33},"end":{"line":129,"column":44}}]},"16":{"line":140,"type":"if","locations":[{"start":{"line":140,"column":4},"end":{"line":140,"column":4}},{"start":{"line":140,"column":4},"end":{"line":140,"column":4}}]},"17":{"line":140,"type":"binary-expr","locations":[{"start":{"line":140,"column":8},"end":{"line":140,"column":30}},{"start":{"line":140,"column":34},"end":{"line":140,"column":59}}]},"18":{"line":144,"type":"if","locations":[{"start":{"line":144,"column":9},"end":{"line":144,"column":9}},{"start":{"line":144,"column":9},"end":{"line":144,"column":9}}]},"19":{"line":149,"type":"if","locations":[{"start":{"line":149,"column":8},"end":{"line":149,"column":8}},{"start":{"line":149,"column":8},"end":{"line":149,"column":8}}]},"20":{"line":151,"type":"binary-expr","locations":[{"start":{"line":151,"column":54},"end":{"line":151,"column":77}},{"start":{"line":151,"column":81},"end":{"line":151,"column":106}}]},"21":{"line":155,"type":"cond-expr","locations":[{"start":{"line":155,"column":36},"end":{"line":155,"column":47}},{"start":{"line":155,"column":50},"end":{"line":155,"column":64}}]},"22":{"line":158,"type":"if","locations":[{"start":{"line":158,"column":8},"end":{"line":158,"column":8}},{"start":{"line":158,"column":8},"end":{"line":158,"column":8}}]},"23":{"line":162,"type":"binary-expr","locations":[{"start":{"line":162,"column":29},"end":{"line":162,"column":48}},{"start":{"line":162,"column":52},"end":{"line":162,"column":54}}]}}},"/Volumes/Glacier/Liberty/Projects/djanta.io/infinite/djantajs-compose/lib/utils.js":{"path":"/Volumes/Glacier/Liberty/Projects/djanta.io/infinite/djantajs-compose/lib/utils.js","s":{"1":1,"2":1,"3":1,"4":1,"5":0,"6":0,"7":76},"b":{"1":[0,0,0],"2":[0,0,0]},"f":{},"fnMap":{},"statementMap":{"1":{"start":{"line":3,"column":0},"end":{"line":3,"column":23}},"2":{"start":{"line":4,"column":0},"end":{"line":4,"column":26}},"3":{"start":{"line":6,"column":0},"end":{"line":10,"column":2}},"4":{"start":{"line":12,"column":0},"end":{"line":16,"column":2}},"5":{"start":{"line":13,"column":21},"end":{"line":13,"column":77}},"6":{"start":{"line":14,"column":16},"end":{"line":14,"column":67}},"7":{"start":{"line":15,"column":60},"end":{"line":15,"column":97}}},"branchMap":{"1":{"line":13,"type":"binary-expr","locations":[{"start":{"line":13,"column":21},"end":{"line":13,"column":23}},{"start":{"line":13,"column":27},"end":{"line":13,"column":44}},{"start":{"line":13,"column":48},"end":{"line":13,"column":77}}]},"2":{"line":14,"type":"binary-expr","locations":[{"start":{"line":14,"column":16},"end":{"line":14,"column":18}},{"start":{"line":14,"column":22},"end":{"line":14,"column":39}},{"start":{"line":14,"column":43},"end":{"line":14,"column":67}}]}}},"/Volumes/Glacier/Liberty/Projects/djanta.io/infinite/djantajs-compose/lib/versioning.js":{"path":"/Volumes/Glacier/Liberty/Projects/djanta.io/infinite/djantajs-compose/lib/versioning.js","s":{"1":1,"2":0,"3":0},"b":{},"f":{"1":1,"2":0,"3":0},"fnMap":{"1":{"name":"(anonymous_1)","line":11,"loc":{"start":{"line":11,"column":14},"end":{"line":11,"column":17}}},"2":{"name":"(anonymous_2)","line":18,"loc":{"start":{"line":18,"column":10},"end":{"line":18,"column":45}}},"3":{"name":"(anonymous_3)","line":27,"loc":{"start":{"line":27,"column":9},"end":{"line":27,"column":48}}}},"statementMap":{"1":{"start":{"line":6,"column":0},"end":{"line":30,"column":2}},"2":{"start":{"line":19,"column":4},"end":{"line":19,"column":24}},"3":{"start":{"line":28,"column":4},"end":{"line":28,"column":24}}},"branchMap":{}},"/Volumes/Glacier/Liberty/Projects/djanta.io/infinite/djantajs-compose/lib/manager.js":{"path":"/Volumes/Glacier/Liberty/Projects/djanta.io/infinite/djantajs-compose/lib/manager.js","s":{"1":1,"2":1,"3":1,"4":1,"5":8,"6":3,"7":1,"8":1,"9":3,"10":3,"11":0,"12":3,"13":9,"14":0,"15":0,"16":0,"17":9},"b":{"1":[1,0],"2":[0,3],"3":[0,0],"4":[3,1],"5":[0,9],"6":[9,0],"7":[0,0],"8":[0,0]},"f":{"1":1,"2":8,"3":3,"4":1,"5":1,"6":0,"7":3,"8":9},"fnMap":{"1":{"name":"(anonymous_1)","line":16,"loc":{"start":{"line":16,"column":14},"end":{"line":16,"column":41}}},"2":{"name":"(anonymous_2)","line":25,"loc":{"start":{"line":25,"column":15},"end":{"line":25,"column":18}}},"3":{"name":"(anonymous_3)","line":31,"loc":{"start":{"line":31,"column":18},"end":{"line":31,"column":21}}},"4":{"name":"(anonymous_4)","line":37,"loc":{"start":{"line":37,"column":10},"end":{"line":37,"column":13}}},"5":{"name":"(anonymous_5)","line":43,"loc":{"start":{"line":43,"column":11},"end":{"line":43,"column":14}}},"6":{"name":"(anonymous_6)","line":49,"loc":{"start":{"line":49,"column":13},"end":{"line":49,"column":22}}},"7":{"name":"(anonymous_7)","line":57,"loc":{"start":{"line":57,"column":11},"end":{"line":57,"column":20}}},"8":{"name":"(anonymous_8)","line":72,"loc":{"start":{"line":72,"column":9},"end":{"line":72,"column":35}}}},"statementMap":{"1":{"start":{"line":3,"column":0},"end":{"line":3,"column":26}},"2":{"start":{"line":8,"column":0},"end":{"line":77,"column":2}},"3":{"start":{"line":17,"column":4},"end":{"line":17,"column":38}},"4":{"start":{"line":18,"column":4},"end":{"line":18,"column":30}},"5":{"start":{"line":25,"column":20},"end":{"line":25,"column":42}},"6":{"start":{"line":31,"column":23},"end":{"line":31,"column":49}},"7":{"start":{"line":37,"column":15},"end":{"line":37,"column":40}},"8":{"start":{"line":43,"column":16},"end":{"line":43,"column":74}},"9":{"start":{"line":58,"column":4},"end":{"line":58,"column":20}},"10":{"start":{"line":61,"column":4},"end":{"line":64,"column":64}},"11":{"start":{"line":62,"column":6},"end":{"line":62,"column":59}},"12":{"start":{"line":64,"column":11},"end":{"line":64,"column":62}},"13":{"start":{"line":73,"column":4},"end":{"line":74,"column":67}},"14":{"start":{"line":73,"column":52},"end":{"line":73,"column":56}},"15":{"start":{"line":74,"column":11},"end":{"line":74,"column":52}},"16":{"start":{"line":74,"column":61},"end":{"line":74,"column":66}},"17":{"start":{"line":75,"column":4},"end":{"line":75,"column":41}}},"branchMap":{"1":{"line":43,"type":"cond-expr","locations":[{"start":{"line":43,"column":49},"end":{"line":43,"column":69}},{"start":{"line":43,"column":72},"end":{"line":43,"column":73}}]},"2":{"line":61,"type":"if","locations":[{"start":{"line":61,"column":4},"end":{"line":61,"column":4}},{"start":{"line":61,"column":4},"end":{"line":61,"column":4}}]},"3":{"line":62,"type":"binary-expr","locations":[{"start":{"line":62,"column":23},"end":{"line":62,"column":36}},{"start":{"line":62,"column":40},"end":{"line":62,"column":42}}]},"4":{"line":64,"type":"binary-expr","locations":[{"start":{"line":64,"column":28},"end":{"line":64,"column":41}},{"start":{"line":64,"column":45},"end":{"line":64,"column":47}}]},"5":{"line":73,"type":"cond-expr","locations":[{"start":{"line":73,"column":46},"end":{"line":73,"column":56}},{"start":{"line":73,"column":59},"end":{"line":74,"column":66}}]},"6":{"line":73,"type":"cond-expr","locations":[{"start":{"line":73,"column":82},"end":{"line":73,"column":88}},{"start":{"line":73,"column":91},"end":{"line":74,"column":66}}]},"7":{"line":73,"type":"cond-expr","locations":[{"start":{"line":74,"column":6},"end":{"line":74,"column":52}},{"start":{"line":74,"column":55},"end":{"line":74,"column":66}}]},"8":{"line":74,"type":"binary-expr","locations":[{"start":{"line":74,"column":11},"end":{"line":74,"column":28}},{"start":{"line":74,"column":32},"end":{"line":74,"column":52}}]}}},"/Volumes/Glacier/Liberty/Projects/djanta.io/infinite/djantajs-compose/bin/cli.js":{"path":"/Volumes/Glacier/Liberty/Projects/djanta.io/infinite/djantajs-compose/bin/cli.js","s":{},"b":{},"f":{},"fnMap":{},"statementMap":{},"branchMap":{}},"/Volumes/Glacier/Liberty/Projects/djanta.io/infinite/djantajs-compose/bin/opt.js":{"path":"/Volumes/Glacier/Liberty/Projects/djanta.io/infinite/djantajs-compose/bin/opt.js","s":{"1":0,"2":0,"3":0,"4":0,"5":0,"6":0,"7":0,"8":0,"9":0},"b":{"1":[0,0],"2":[0,0,0],"3":[0,0]},"f":{},"fnMap":{},"statementMap":{"1":{"start":{"line":5,"column":0},"end":{"line":32,"column":2}},"2":{"start":{"line":6,"column":2},"end":{"line":31,"column":3}},"3":{"start":{"line":8,"column":4},"end":{"line":8,"column":29}},"4":{"start":{"line":9,"column":4},"end":{"line":9,"column":36}},"5":{"start":{"line":10,"column":4},"end":{"line":10,"column":51}},"6":{"start":{"line":13,"column":4},"end":{"line":13,"column":25}},"7":{"start":{"line":27,"column":4},"end":{"line":27,"column":41}},"8":{"start":{"line":30,"column":4},"end":{"line":30,"column":26}},"9":{"start":{"line":37,"column":0},"end":{"line":37,"column":25}}},"branchMap":{"1":{"line":6,"type":"if","locations":[{"start":{"line":6,"column":2},"end":{"line":6,"column":2}},{"start":{"line":6,"column":2},"end":{"line":6,"column":2}}]},"2":{"line":6,"type":"binary-expr","locations":[{"start":{"line":6,"column":6},"end":{"line":6,"column":29}},{"start":{"line":6,"column":34},"end":{"line":6,"column":58}},{"start":{"line":7,"column":4},"end":{"line":7,"column":32}}]},"3":{"line":10,"type":"cond-expr","locations":[{"start":{"line":10,"column":18},"end":{"line":10,"column":35}},{"start":{"line":10,"column":38},"end":{"line":10,"column":50}}]}}},"/Volumes/Glacier/Liberty/Projects/djanta.io/infinite/djantajs-compose/grunt-tasks/available-tasks.js":{"path":"/Volumes/Glacier/Liberty/Projects/djanta.io/infinite/djantajs-compose/grunt-tasks/available-tasks.js","s":{"1":0,"2":0},"b":{},"f":{"1":0},"fnMap":{"1":{"name":"(anonymous_1)","line":3,"loc":{"start":{"line":3,"column":17},"end":{"line":3,"column":34}}}},"statementMap":{"1":{"start":{"line":3,"column":0},"end":{"line":7,"column":2}},"2":{"start":{"line":4,"column":2},"end":{"line":6,"column":5}}},"branchMap":{}},"/Volumes/Glacier/Liberty/Projects/djanta.io/infinite/djantajs-compose/grunt-tasks/bundlerc.js":{"path":"/Volumes/Glacier/Liberty/Projects/djanta.io/infinite/djantajs-compose/grunt-tasks/bundlerc.js","s":{"1":0,"2":0,"3":0},"b":{},"f":{"1":0},"fnMap":{"1":{"name":"(anonymous_1)","line":5,"loc":{"start":{"line":5,"column":17},"end":{"line":5,"column":34}}}},"statementMap":{"1":{"start":{"line":3,"column":0},"end":{"line":3,"column":29}},"2":{"start":{"line":5,"column":0},"end":{"line":17,"column":2}},"3":{"start":{"line":10,"column":2},"end":{"line":16,"column":5}}},"branchMap":{}},"/Volumes/Glacier/Liberty/Projects/djanta.io/infinite/djantajs-compose/Gruntfile.js":{"path":"/Volumes/Glacier/Liberty/Projects/djanta.io/infinite/djantajs-compose/Gruntfile.js","s":{"1":0,"2":0,"3":0,"4":0,"5":0,"6":0,"7":0,"8":0},"b":{},"f":{"1":0},"fnMap":{"1":{"name":"(anonymous_1)","line":5,"loc":{"start":{"line":5,"column":17},"end":{"line":5,"column":34}}}},"statementMap":{"1":{"start":{"line":3,"column":0},"end":{"line":3,"column":41}},"2":{"start":{"line":5,"column":0},"end":{"line":23,"column":2}},"3":{"start":{"line":6,"column":2},"end":{"line":6,"column":16}},"4":{"start":{"line":8,"column":2},"end":{"line":8,"column":33}},"5":{"start":{"line":11,"column":2},"end":{"line":14,"column":5}},"6":{"start":{"line":13,"column":4},"end":{"line":13,"column":33}},"7":{"start":{"line":16,"column":2},"end":{"line":18,"column":5}},"8":{"start":{"line":20,"column":2},"end":{"line":22,"column":5}}},"branchMap":{}},"/Volumes/Glacier/Liberty/Projects/djanta.io/infinite/djantajs-compose/lib/cli/lint.js":{"path":"/Volumes/Glacier/Liberty/Projects/djanta.io/infinite/djantajs-compose/lib/cli/lint.js","s":{"1":0},"b":{},"f":{},"fnMap":{},"statementMap":{"1":{"start":{"line":3,"column":0},"end":{"line":5,"column":2}}},"branchMap":{}}}