TN:
SF:/Volumes/Glacier/Liberty/Projects/djanta.io/infinite/djantajs-compose/lib/platform.js
FN:13,(anonymous_1)
FN:21,(anonymous_2)
FN:27,(anonymous_3)
FN:33,(anonymous_4)
FN:42,(anonymous_5)
FN:50,(anonymous_6)
FN:58,(anonymous_7)
FN:64,(anonymous_8)
FN:70,(anonymous_9)
FNF:9
FNH:4
FNDA:1,(anonymous_1)
FNDA:6,(anonymous_2)
FNDA:0,(anonymous_3)
FNDA:3,(anonymous_4)
FNDA:3,(anonymous_5)
FNDA:0,(anonymous_6)
FNDA:0,(anonymous_7)
FNDA:0,(anonymous_8)
FNDA:0,(anonymous_9)
DA:3,1
DA:5,1
DA:14,1
DA:21,6
DA:27,0
DA:34,3
DA:35,3
DA:43,3
DA:50,0
DA:58,0
DA:64,0
DA:70,0
LF:12
LH:7
BRDA:35,1,0,3
BRDA:35,1,1,3
BRDA:35,1,2,3
BRF:3
BRH:3
end_of_record
TN:
SF:/Volumes/Glacier/Liberty/Projects/djanta.io/infinite/djantajs-compose/index.js
FNF:0
FNH:0
DA:3,1
DA:4,1
DA:5,1
DA:6,1
DA:7,1
DA:9,1
DA:11,0
DA:12,1
DA:16,1
LF:9
LH:8
BRF:0
BRH:0
end_of_record
TN:
SF:/Volumes/Glacier/Liberty/Projects/djanta.io/infinite/djantajs-compose/lib/project.js
FN:51,(anonymous_1)
FN:67,(anonymous_2)
FN:76,(anonymous_3)
FN:82,(anonymous_4)
FN:88,(anonymous_5)
FN:94,(anonymous_6)
FN:100,(anonymous_7)
FN:106,(anonymous_8)
FN:112,(anonymous_9)
FN:118,(anonymous_10)
FN:124,(anonymous_11)
FN:132,(anonymous_12)
FN:138,(anonymous_13)
FN:148,(anonymous_14)
FN:160,(anonymous_15)
FN:167,(anonymous_16)
FN:177,(anonymous_17)
FN:185,(anonymous_18)
FN:194,(anonymous_19)
FNF:19
FNH:15
FNDA:2,(anonymous_1)
FNDA:8,(anonymous_2)
FNDA:19,(anonymous_3)
FNDA:4,(anonymous_4)
FNDA:84,(anonymous_5)
FNDA:116,(anonymous_6)
FNDA:3,(anonymous_7)
FNDA:2,(anonymous_8)
FNDA:3,(anonymous_9)
FNDA:24,(anonymous_10)
FNDA:9,(anonymous_11)
FNDA:1,(anonymous_12)
FNDA:4,(anonymous_13)
FNDA:4,(anonymous_14)
FNDA:24,(anonymous_15)
FNDA:0,(anonymous_16)
FNDA:0,(anonymous_17)
FNDA:0,(anonymous_18)
FNDA:0,(anonymous_19)
DA:3,1
DA:4,1
DA:5,1
DA:6,1
DA:7,1
DA:9,1
DA:42,1
DA:54,2
DA:55,2
DA:56,2
DA:58,2
DA:59,3
DA:68,14
DA:69,6
DA:76,19
DA:82,4
DA:88,84
DA:94,116
DA:100,3
DA:106,2
DA:112,3
DA:118,24
DA:125,27
DA:132,1
DA:139,4
DA:140,4
DA:149,4
DA:150,5
DA:152,4
DA:160,24
DA:168,0
DA:169,0
DA:178,0
DA:186,0
DA:187,0
DA:188,0
DA:194,0
LF:37
LH:30
BRDA:56,1,0,2
BRDA:56,1,1,1
BRDA:58,2,0,2
BRDA:58,2,1,0
BRDA:68,3,0,8
BRDA:68,3,1,0
BRDA:68,4,0,0
BRDA:68,4,1,14
BRDA:94,5,0,116
BRDA:94,5,1,0
BRDA:125,6,0,9
BRDA:125,6,1,0
BRDA:125,7,0,27
BRDA:125,7,1,27
BRDA:140,8,0,4
BRDA:140,8,1,0
BRDA:149,9,0,0
BRDA:149,9,1,4
BRDA:149,10,0,0
BRDA:149,10,1,4
BRDA:150,11,0,4
BRDA:150,11,1,0
BRDA:150,12,0,5
BRDA:150,12,1,1
BRDA:160,13,0,24
BRDA:160,13,1,0
BRDA:187,14,0,0
BRDA:187,14,1,0
BRF:28
BRH:16
end_of_record
TN:
SF:/Volumes/Glacier/Liberty/Projects/djanta.io/infinite/djantajs-compose/lib/mp.js
FN:8,(anonymous_1)
FNF:1
FNH:1
FNDA:2,(anonymous_1)
DA:3,1
LF:1
LH:1
BRF:0
BRH:0
end_of_record
TN:
SF:/Volumes/Glacier/Liberty/Projects/djanta.io/infinite/djantajs-compose/lib/bundle.js
FN:16,(anonymous_1)
FN:25,(anonymous_2)
FN:31,(anonymous_3)
FN:37,(anonymous_4)
FN:46,(anonymous_5)
FN:52,(anonymous_6)
FN:62,(anonymous_7)
FN:72,(anonymous_8)
FN:79,(anonymous_9)
FN:90,(anonymous_10)
FN:96,(anonymous_11)
FN:106,(anonymous_12)
FN:119,(anonymous_13)
FN:137,(anonymous_14)
FN:167,(anonymous_15)
FNF:15
FNH:12
FNDA:3,(anonymous_1)
FNDA:74,(anonymous_2)
FNDA:47,(anonymous_3)
FNDA:15,(anonymous_4)
FNDA:35,(anonymous_5)
FNDA:2,(anonymous_6)
FNDA:3,(anonymous_7)
FNDA:44,(anonymous_8)
FNDA:3,(anonymous_9)
FNDA:0,(anonymous_10)
FNDA:0,(anonymous_11)
FNDA:3,(anonymous_12)
FNDA:3,(anonymous_13)
FNDA:3,(anonymous_14)
FNDA:0,(anonymous_15)
DA:3,1
DA:4,1
DA:5,1
DA:6,1
DA:11,1
DA:17,3
DA:18,3
DA:25,74
DA:31,47
DA:38,15
DA:39,15
DA:46,35
DA:53,2
DA:54,2
DA:55,2
DA:63,3
DA:72,44
DA:80,3
DA:82,3
DA:83,3
DA:90,0
DA:97,0
DA:98,0
DA:107,3
DA:120,3
DA:121,3
DA:122,0
DA:124,3
DA:126,3
DA:127,2
DA:129,1
DA:130,3
DA:138,3
DA:140,3
DA:142,2
DA:144,1
DA:146,1
DA:147,1
DA:148,1
DA:149,1
DA:150,0
DA:151,0
DA:154,2
DA:155,1
DA:158,1
DA:162,0
DA:164,3
DA:168,0
DA:169,0
LF:49
LH:40
BRDA:31,1,0,47
BRDA:31,1,1,0
BRDA:38,2,0,15
BRDA:38,2,1,0
BRDA:82,3,0,3
BRDA:82,3,1,0
BRDA:98,4,0,0
BRDA:98,4,1,0
BRDA:107,5,0,3
BRDA:107,5,1,3
BRDA:120,6,0,3
BRDA:120,6,1,3
BRDA:121,7,0,0
BRDA:121,7,1,0
BRDA:122,8,0,0
BRDA:122,8,1,0
BRDA:124,9,0,0
BRDA:124,9,1,3
BRDA:124,10,0,3
BRDA:124,10,1,0
BRDA:126,11,0,2
BRDA:126,11,1,1
BRDA:126,12,0,3
BRDA:126,12,1,3
BRDA:126,12,2,3
BRDA:127,13,0,2
BRDA:127,13,1,1
BRDA:129,14,0,0
BRDA:129,14,1,1
BRDA:129,15,0,1
BRDA:129,15,1,1
BRDA:140,16,0,2
BRDA:140,16,1,1
BRDA:140,17,0,3
BRDA:140,17,1,3
BRDA:144,18,0,1
BRDA:144,18,1,0
BRDA:149,19,0,0
BRDA:149,19,1,1
BRDA:151,20,0,0
BRDA:151,20,1,0
BRDA:155,21,0,1
BRDA:155,21,1,0
BRDA:158,22,0,1
BRDA:158,22,1,0
BRDA:162,23,0,0
BRDA:162,23,1,0
BRF:47
BRH:27
end_of_record
TN:
SF:/Volumes/Glacier/Liberty/Projects/djanta.io/infinite/djantajs-compose/lib/utils.js
FNF:0
FNH:0
DA:3,1
DA:4,1
DA:6,1
DA:12,1
DA:13,0
DA:14,0
DA:15,76
LF:7
LH:5
BRDA:13,1,0,0
BRDA:13,1,1,0
BRDA:13,1,2,0
BRDA:14,2,0,0
BRDA:14,2,1,0
BRDA:14,2,2,0
BRF:6
BRH:0
end_of_record
TN:
SF:/Volumes/Glacier/Liberty/Projects/djanta.io/infinite/djantajs-compose/lib/versioning.js
FN:11,(anonymous_1)
FN:18,(anonymous_2)
FN:27,(anonymous_3)
FNF:3
FNH:1
FNDA:1,(anonymous_1)
FNDA:0,(anonymous_2)
FNDA:0,(anonymous_3)
DA:6,1
DA:19,0
DA:28,0
LF:3
LH:1
BRF:0
BRH:0
end_of_record
TN:
SF:/Volumes/Glacier/Liberty/Projects/djanta.io/infinite/djantajs-compose/lib/manager.js
FN:16,(anonymous_1)
FN:25,(anonymous_2)
FN:31,(anonymous_3)
FN:37,(anonymous_4)
FN:43,(anonymous_5)
FN:49,(anonymous_6)
FN:57,(anonymous_7)
FN:72,(anonymous_8)
FNF:8
FNH:7
FNDA:1,(anonymous_1)
FNDA:8,(anonymous_2)
FNDA:3,(anonymous_3)
FNDA:1,(anonymous_4)
FNDA:1,(anonymous_5)
FNDA:0,(anonymous_6)
FNDA:3,(anonymous_7)
FNDA:9,(anonymous_8)
DA:3,1
DA:8,1
DA:17,1
DA:18,1
DA:25,8
DA:31,3
DA:37,1
DA:43,1
DA:58,3
DA:61,3
DA:62,0
DA:64,3
DA:73,9
DA:74,0
DA:75,9
LF:15
LH:13
BRDA:43,1,0,1
BRDA:43,1,1,0
BRDA:61,2,0,0
BRDA:61,2,1,3
BRDA:62,3,0,0
BRDA:62,3,1,0
BRDA:64,4,0,3
BRDA:64,4,1,1
BRDA:73,5,0,0
BRDA:73,5,1,9
BRDA:73,6,0,9
BRDA:73,6,1,0
BRDA:73,7,0,0
BRDA:73,7,1,0
BRDA:74,8,0,0
BRDA:74,8,1,0
BRF:16
BRH:6
end_of_record
TN:
SF:/Volumes/Glacier/Liberty/Projects/djanta.io/infinite/djantajs-compose/bin/cli.js
FNF:0
FNH:0
LF:0
LH:0
BRF:0
BRH:0
end_of_record
TN:
SF:/Volumes/Glacier/Liberty/Projects/djanta.io/infinite/djantajs-compose/bin/opt.js
FNF:0
FNH:0
DA:5,0
DA:6,0
DA:8,0
DA:9,0
DA:10,0
DA:13,0
DA:27,0
DA:30,0
DA:37,0
LF:9
LH:0
BRDA:6,1,0,0
BRDA:6,1,1,0
BRDA:6,2,0,0
BRDA:6,2,1,0
BRDA:6,2,2,0
BRDA:10,3,0,0
BRDA:10,3,1,0
BRF:7
BRH:0
end_of_record
TN:
SF:/Volumes/Glacier/Liberty/Projects/djanta.io/infinite/djantajs-compose/grunt-tasks/available-tasks.js
FN:3,(anonymous_1)
FNF:1
FNH:0
FNDA:0,(anonymous_1)
DA:3,0
DA:4,0
LF:2
LH:0
BRF:0
BRH:0
end_of_record
TN:
SF:/Volumes/Glacier/Liberty/Projects/djanta.io/infinite/djantajs-compose/grunt-tasks/bundlerc.js
FN:5,(anonymous_1)
FNF:1
FNH:0
FNDA:0,(anonymous_1)
DA:3,0
DA:5,0
DA:10,0
LF:3
LH:0
BRF:0
BRH:0
end_of_record
TN:
SF:/Volumes/Glacier/Liberty/Projects/djanta.io/infinite/djantajs-compose/Gruntfile.js
FN:5,(anonymous_1)
FNF:1
FNH:0
FNDA:0,(anonymous_1)
DA:3,0
DA:5,0
DA:6,0
DA:8,0
DA:11,0
DA:13,0
DA:16,0
DA:20,0
LF:8
LH:0
BRF:0
BRH:0
end_of_record
TN:
SF:/Volumes/Glacier/Liberty/Projects/djanta.io/infinite/djantajs-compose/lib/cli/lint.js
FNF:0
FNH:0
DA:3,0
LF:1
LH:0
BRF:0
BRH:0
end_of_record
